{
  message: '🛢️  database connection successfully',
  level: 'info',
  label: 'right meow!',
  timestamp: '2023-07-29T10:00:44.696Z'
}
{
  message: 'Application listening on port 5000',
  level: 'info',
  label: 'right meow!',
  timestamp: '2023-07-29T10:00:44.705Z'
}
{
  message: '🛢️  database connection successfully',
  level: 'info',
  label: 'right meow!',
  timestamp: '2023-07-29T10:07:57.929Z'
}
{
  message: 'Application listening on port 5000',
  level: 'info',
  label: 'right meow!',
  timestamp: '2023-07-29T10:07:57.936Z'
}
{
  message: '🛢️  database connection successfully',
  level: 'info',
  label: 'right meow!',
  timestamp: '2023-07-29T10:08:18.975Z'
}
{
  message: 'Application listening on port 5000',
  level: 'info',
  label: 'right meow!',
  timestamp: '2023-07-29T10:08:18.984Z'
}
{
  message: '🛢️  database connection successfully',
  level: 'info',
  label: 'right meow!',
  timestamp: '2023-07-29T10:11:35.561Z'
}
{
  message: 'Application listening on port 5000',
  level: 'info',
  label: 'right meow!',
  timestamp: '2023-07-29T10:11:35.569Z'
}
{
  message: '🛢️  database connection successfully',
  level: 'info',
  label: 'right meow!',
  timestamp: '2023-07-29T10:53:34.539Z'
}
{
  message: 'Application listening on port 5000',
  level: 'info',
  label: 'right meow!',
  timestamp: '2023-07-29T10:53:34.545Z'
}
