{
  errors: {
    role: ValidatorError: Path `role` is required.
        at validate (D:\Programming hero\Apollo Level 2\Backend Braniac\university-management-service\node_modules\mongoose\lib\schematype.js:1365:13)
        at SchemaString.SchemaType.doValidate (D:\Programming hero\Apollo Level 2\Backend Braniac\university-management-service\node_modules\mongoose\lib\schematype.js:1349:7)
        at D:\Programming hero\Apollo Level 2\Backend Braniac\university-management-service\node_modules\mongoose\lib\document.js:2938:18
        at processTicksAndRejections (node:internal/process/task_queues:77:11) {
      properties: {
        validator: [Function (anonymous)],
        message: 'Path `role` is required.',
        type: 'required',
        path: 'role',
        value: undefined
      },
      kind: 'required',
      path: 'role',
      value: undefined,
      reason: undefined,
      [Symbol(mongoose:validatorError)]: true
    }
  },
  _message: 'User validation failed',
  level: 'error',
  message: 'globalErrorHandler ~ User validation failed: role: Path `role` is required.',
  stack: 'ValidationError: User validation failed: role: Path `role` is required.\n' +
    '    at model.Document.invalidate (D:\\Programming hero\\Apollo Level 2\\Backend Braniac\\university-management-service\\node_modules\\mongoose\\lib\\document.js:3153:32)\n' +
    '    at D:\\Programming hero\\Apollo Level 2\\Backend Braniac\\university-management-service\\node_modules\\mongoose\\lib\\document.js:2946:17\n' +
    '    at D:\\Programming hero\\Apollo Level 2\\Backend Braniac\\university-management-service\\node_modules\\mongoose\\lib\\schematype.js:1368:9\n' +
    '    at processTicksAndRejections (node:internal/process/task_queues:77:11)',
  label: 'University Management !!',
  timestamp: '2023-07-30T09:23:38.614Z'
}
{
  issues: [
    {
      code: 'invalid_type',
      expected: 'string',
      received: 'undefined',
      path: [ 'body', 'role' ],
      message: 'role is required'
    }
  ],
  addIssue: [Function (anonymous)],
  addIssues: [Function (anonymous)],
  name: 'ZodError',
  level: 'error',
  message: 'globalErrorHandler ~ [\n' +
    '  {\n' +
    '    "code": "invalid_type",\n' +
    '    "expected": "string",\n' +
    '    "received": "undefined",\n' +
    '    "path": [\n' +
    '      "body",\n' +
    '      "role"\n' +
    '    ],\n' +
    '    "message": "role is required"\n' +
    '  }\n' +
    ']',
  stack: 'ZodError: [\n' +
    '  {\n' +
    '    "code": "invalid_type",\n' +
    '    "expected": "string",\n' +
    '    "received": "undefined",\n' +
    '    "path": [\n' +
    '      "body",\n' +
    '      "role"\n' +
    '    ],\n' +
    '    "message": "role is required"\n' +
    '  }\n' +
    ']\n' +
    '    at Object.get error [as error] (D:\\Programming hero\\Apollo Level 2\\Backend Braniac\\university-management-service\\node_modules\\zod\\lib\\types.js:43:31)\n' +
    '    at ZodObject.parseAsync (D:\\Programming hero\\Apollo Level 2\\Backend Braniac\\university-management-service\\node_modules\\zod\\lib\\types.js:164:22)\n' +
    '    at processTicksAndRejections (node:internal/process/task_queues:95:5)',
  label: 'University Management !!',
  timestamp: '2023-07-30T09:23:56.645Z'
}
{
  issues: [
    {
      code: 'invalid_type',
      expected: 'string',
      received: 'undefined',
      path: [ 'body', 'role' ],
      message: 'role is required'
    }
  ],
  addIssue: [Function (anonymous)],
  addIssues: [Function (anonymous)],
  name: 'ZodError',
  level: 'error',
  message: 'globalErrorHandler ~ [\n' +
    '  {\n' +
    '    "code": "invalid_type",\n' +
    '    "expected": "string",\n' +
    '    "received": "undefined",\n' +
    '    "path": [\n' +
    '      "body",\n' +
    '      "role"\n' +
    '    ],\n' +
    '    "message": "role is required"\n' +
    '  }\n' +
    ']',
  stack: 'ZodError: [\n' +
    '  {\n' +
    '    "code": "invalid_type",\n' +
    '    "expected": "string",\n' +
    '    "received": "undefined",\n' +
    '    "path": [\n' +
    '      "body",\n' +
    '      "role"\n' +
    '    ],\n' +
    '    "message": "role is required"\n' +
    '  }\n' +
    ']\n' +
    '    at Object.get error [as error] (D:\\Programming hero\\Apollo Level 2\\Backend Braniac\\university-management-service\\node_modules\\zod\\lib\\types.js:43:31)\n' +
    '    at ZodObject.parseAsync (D:\\Programming hero\\Apollo Level 2\\Backend Braniac\\university-management-service\\node_modules\\zod\\lib\\types.js:164:22)\n' +
    '    at processTicksAndRejections (node:internal/process/task_queues:95:5)',
  label: 'University Management !!',
  timestamp: '2023-07-30T09:25:52.291Z'
}
{
  errors: {
    role: ValidatorError: Path `role` is required.
        at validate (D:\Programming hero\Apollo Level 2\Backend Braniac\university-management-service\node_modules\mongoose\lib\schematype.js:1365:13)
        at SchemaString.SchemaType.doValidate (D:\Programming hero\Apollo Level 2\Backend Braniac\university-management-service\node_modules\mongoose\lib\schematype.js:1349:7)
        at D:\Programming hero\Apollo Level 2\Backend Braniac\university-management-service\node_modules\mongoose\lib\document.js:2938:18
        at processTicksAndRejections (node:internal/process/task_queues:77:11) {
      properties: {
        validator: [Function (anonymous)],
        message: 'Path `role` is required.',
        type: 'required',
        path: 'role',
        value: undefined
      },
      kind: 'required',
      path: 'role',
      value: undefined,
      reason: undefined,
      [Symbol(mongoose:validatorError)]: true
    }
  },
  _message: 'User validation failed',
  level: 'error',
  message: 'globalErrorHandler ~ User validation failed: role: Path `role` is required.',
  stack: 'ValidationError: User validation failed: role: Path `role` is required.\n' +
    '    at model.Document.invalidate (D:\\Programming hero\\Apollo Level 2\\Backend Braniac\\university-management-service\\node_modules\\mongoose\\lib\\document.js:3153:32)\n' +
    '    at D:\\Programming hero\\Apollo Level 2\\Backend Braniac\\university-management-service\\node_modules\\mongoose\\lib\\document.js:2946:17\n' +
    '    at D:\\Programming hero\\Apollo Level 2\\Backend Braniac\\university-management-service\\node_modules\\mongoose\\lib\\schematype.js:1368:9\n' +
    '    at processTicksAndRejections (node:internal/process/task_queues:77:11)',
  label: 'University Management !!',
  timestamp: '2023-07-30T09:36:05.667Z'
}
{
  issues: [
    {
      code: 'invalid_type',
      expected: 'string',
      received: 'undefined',
      path: [ 'body', 'role' ],
      message: 'role is required'
    }
  ],
  addIssue: [Function (anonymous)],
  addIssues: [Function (anonymous)],
  name: 'ZodError',
  level: 'error',
  message: 'globalErrorHandler ~ [\n' +
    '  {\n' +
    '    "code": "invalid_type",\n' +
    '    "expected": "string",\n' +
    '    "received": "undefined",\n' +
    '    "path": [\n' +
    '      "body",\n' +
    '      "role"\n' +
    '    ],\n' +
    '    "message": "role is required"\n' +
    '  }\n' +
    ']',
  stack: 'ZodError: [\n' +
    '  {\n' +
    '    "code": "invalid_type",\n' +
    '    "expected": "string",\n' +
    '    "received": "undefined",\n' +
    '    "path": [\n' +
    '      "body",\n' +
    '      "role"\n' +
    '    ],\n' +
    '    "message": "role is required"\n' +
    '  }\n' +
    ']\n' +
    '    at Object.get error [as error] (D:\\Programming hero\\Apollo Level 2\\Backend Braniac\\university-management-service\\node_modules\\zod\\lib\\types.js:43:31)\n' +
    '    at ZodObject.parseAsync (D:\\Programming hero\\Apollo Level 2\\Backend Braniac\\university-management-service\\node_modules\\zod\\lib\\types.js:164:22)\n' +
    '    at processTicksAndRejections (node:internal/process/task_queues:95:5)',
  label: 'University Management !!',
  timestamp: '2023-07-30T09:37:07.987Z'
}
