{
  statusCode: 409,
  level: 'error',
  message: 'globalErrorHandler ~ Academic Semester already exists !',
  stack: 'Error: Academic Semester already exists !\n' +
    '    at model.<anonymous> (D:\\Programming hero\\Apollo Level 2\\Backend Braniac\\university-management-service\\src\\app\\modules\\academicSemester\\academicSemester.model.ts:31:11)\n' +
    '    at Generator.next (<anonymous>)\n' +
    '    at fulfilled (D:\\Programming hero\\Apollo Level 2\\Backend Braniac\\university-management-service\\src\\app\\modules\\academicSemester\\academicSemester.model.ts:5:58)\n' +
    '    at processTicksAndRejections (node:internal/process/task_queues:95:5)',
  label: 'University Management !!',
  timestamp: '2023-08-08T22:03:22.787Z'
}
{
  statusCode: 400,
  level: 'error',
  message: 'globalErrorHandler ~ Invalid semester code',
  stack: 'Error: Invalid semester code\n' +
    '    at D:\\Programming hero\\Apollo Level 2\\Backend Braniac\\university-management-service\\src\\app\\modules\\academicSemester\\academicSemester.service.ts:11:11\n' +
    '    at Generator.next (<anonymous>)\n' +
    '    at D:\\Programming hero\\Apollo Level 2\\Backend Braniac\\university-management-service\\src\\app\\modules\\academicSemester\\academicSemester.service.ts:8:71\n' +
    '    at new Promise (<anonymous>)\n' +
    '    at __awaiter (D:\\Programming hero\\Apollo Level 2\\Backend Braniac\\university-management-service\\src\\app\\modules\\academicSemester\\academicSemester.service.ts:4:12)\n' +
    '    at Object.createSemester (D:\\Programming hero\\Apollo Level 2\\Backend Braniac\\university-management-service\\src\\app\\modules\\academicSemester\\academicSemester.service.ts:9:33)\n' +
    '    at D:\\Programming hero\\Apollo Level 2\\Backend Braniac\\university-management-service\\src\\app\\modules\\academicSemester\\academicSemester.controller.ts:6:50\n' +
    '    at Generator.next (<anonymous>)\n' +
    '    at D:\\Programming hero\\Apollo Level 2\\Backend Braniac\\university-management-service\\src\\app\\modules\\academicSemester\\academicSemester.controller.ts:8:71\n' +
    '    at new Promise (<anonymous>)',
  label: 'University Management !!',
  timestamp: '2023-08-08T22:03:38.251Z'
}
{
  statusCode: 409,
  level: 'error',
  message: 'globalErrorHandler ~ Academic Semester already exists !',
  stack: 'Error: Academic Semester already exists !\n' +
    '    at model.<anonymous> (D:\\Programming hero\\Apollo Level 2\\Backend Braniac\\university-management-service\\src\\app\\modules\\academicSemester\\academicSemester.model.ts:31:11)\n' +
    '    at Generator.next (<anonymous>)\n' +
    '    at fulfilled (D:\\Programming hero\\Apollo Level 2\\Backend Braniac\\university-management-service\\src\\app\\modules\\academicSemester\\academicSemester.model.ts:5:58)\n' +
    '    at processTicksAndRejections (node:internal/process/task_queues:95:5)',
  label: 'University Management !!',
  timestamp: '2023-08-08T22:11:28.005Z'
}
