{
  level: 'error',
  message: 'Failed to connect database The `uri` parameter to `openUri()` must be a string, got "undefined". Make sure the first parameter to `mongoose.connect()` or `mongoose.createConnection()` is a string.',
  stack: 'MongooseError: The `uri` parameter to `openUri()` must be a string, got "undefined". Make sure the first parameter to `mongoose.connect()` or `mongoose.createConnection()` is a string.\n' +
    '    at NativeConnection.createClient (D:\\Programming hero\\Apollo Level 2\\Backend Braniac\\university-management-service\\node_modules\\mongoose\\lib\\drivers\\node-mongodb-native\\connection.js:206:11)\n' +
    '    at NativeConnection.openUri (D:\\Programming hero\\Apollo Level 2\\Backend Braniac\\university-management-service\\node_modules\\mongoose\\lib\\connection.js:738:34)\n' +
    '    at Mongoose.connect (D:\\Programming hero\\Apollo Level 2\\Backend Braniac\\university-management-service\\node_modules\\mongoose\\lib\\index.js:404:15)\n' +
    '    at D:\\Programming hero\\Apollo Level 2\\Backend Braniac\\university-management-service\\src\\server.ts:8:20\n' +
    '    at Generator.next (<anonymous>)\n' +
    '    at D:\\Programming hero\\Apollo Level 2\\Backend Braniac\\university-management-service\\src\\server.ts:8:71\n' +
    '    at new Promise (<anonymous>)\n' +
    '    at __awaiter (D:\\Programming hero\\Apollo Level 2\\Backend Braniac\\university-management-service\\src\\server.ts:4:12)\n' +
    '    at main (D:\\Programming hero\\Apollo Level 2\\Backend Braniac\\university-management-service\\src\\server.ts:20:12)\n' +
    '    at Object.<anonymous> (D:\\Programming hero\\Apollo Level 2\\Backend Braniac\\university-management-service\\src\\server.ts:19:1)',
  label: 'right meow!',
  timestamp: '2023-07-29T15:24:59.651Z'
}
{
  level: 'error',
  message: 'Failed to connect database The `uri` parameter to `openUri()` must be a string, got "undefined". Make sure the first parameter to `mongoose.connect()` or `mongoose.createConnection()` is a string.',
  stack: 'MongooseError: The `uri` parameter to `openUri()` must be a string, got "undefined". Make sure the first parameter to `mongoose.connect()` or `mongoose.createConnection()` is a string.\n' +
    '    at NativeConnection.createClient (D:\\Programming hero\\Apollo Level 2\\Backend Braniac\\university-management-service\\node_modules\\mongoose\\lib\\drivers\\node-mongodb-native\\connection.js:206:11)\n' +
    '    at NativeConnection.openUri (D:\\Programming hero\\Apollo Level 2\\Backend Braniac\\university-management-service\\node_modules\\mongoose\\lib\\connection.js:738:34)\n' +
    '    at Mongoose.connect (D:\\Programming hero\\Apollo Level 2\\Backend Braniac\\university-management-service\\node_modules\\mongoose\\lib\\index.js:404:15)\n' +
    '    at D:\\Programming hero\\Apollo Level 2\\Backend Braniac\\university-management-service\\src\\server.ts:8:20\n' +
    '    at Generator.next (<anonymous>)\n' +
    '    at D:\\Programming hero\\Apollo Level 2\\Backend Braniac\\university-management-service\\src\\server.ts:8:71\n' +
    '    at new Promise (<anonymous>)\n' +
    '    at __awaiter (D:\\Programming hero\\Apollo Level 2\\Backend Braniac\\university-management-service\\src\\server.ts:4:12)\n' +
    '    at main (D:\\Programming hero\\Apollo Level 2\\Backend Braniac\\university-management-service\\src\\server.ts:20:12)\n' +
    '    at Object.<anonymous> (D:\\Programming hero\\Apollo Level 2\\Backend Braniac\\university-management-service\\src\\server.ts:19:1)',
  label: 'right meow!',
  timestamp: '2023-07-29T15:25:44.217Z'
}
{
  level: 'error',
  message: 'Failed to connect database The `uri` parameter to `openUri()` must be a string, got "undefined". Make sure the first parameter to `mongoose.connect()` or `mongoose.createConnection()` is a string.',
  stack: 'MongooseError: The `uri` parameter to `openUri()` must be a string, got "undefined". Make sure the first parameter to `mongoose.connect()` or `mongoose.createConnection()` is a string.\n' +
    '    at NativeConnection.createClient (D:\\Programming hero\\Apollo Level 2\\Backend Braniac\\university-management-service\\node_modules\\mongoose\\lib\\drivers\\node-mongodb-native\\connection.js:206:11)\n' +
    '    at NativeConnection.openUri (D:\\Programming hero\\Apollo Level 2\\Backend Braniac\\university-management-service\\node_modules\\mongoose\\lib\\connection.js:738:34)\n' +
    '    at Mongoose.connect (D:\\Programming hero\\Apollo Level 2\\Backend Braniac\\university-management-service\\node_modules\\mongoose\\lib\\index.js:404:15)\n' +
    '    at D:\\Programming hero\\Apollo Level 2\\Backend Braniac\\university-management-service\\src\\server.ts:8:20\n' +
    '    at Generator.next (<anonymous>)\n' +
    '    at D:\\Programming hero\\Apollo Level 2\\Backend Braniac\\university-management-service\\src\\server.ts:8:71\n' +
    '    at new Promise (<anonymous>)\n' +
    '    at __awaiter (D:\\Programming hero\\Apollo Level 2\\Backend Braniac\\university-management-service\\src\\server.ts:4:12)\n' +
    '    at main (D:\\Programming hero\\Apollo Level 2\\Backend Braniac\\university-management-service\\src\\server.ts:20:12)\n' +
    '    at Object.<anonymous> (D:\\Programming hero\\Apollo Level 2\\Backend Braniac\\university-management-service\\src\\server.ts:19:1)',
  label: 'right meow!',
  timestamp: '2023-07-29T15:26:26.080Z'
}
