{
  level: 'error',
  label: 'University Management !!',
  timestamp: '2023-07-30T05:19:06.752Z'
}
{
  level: 'error',
  label: 'University Management !!',
  timestamp: '2023-07-30T05:20:08.370Z'
}
{
  level: 'error',
  message: 'globalErrorHandler ~ x is not defined',
  stack: 'ReferenceError: x is not defined\n' +
    '    at D:\\Programming hero\\Apollo Level 2\\Backend Braniac\\university-management-service\\src\\app.ts:20:15\n' +
    '    at Layer.handle [as handle_request] (D:\\Programming hero\\Apollo Level 2\\Backend Braniac\\university-management-service\\node_modules\\express\\lib\\router\\layer.js:95:5)\n' +
    '    at next (D:\\Programming hero\\Apollo Level 2\\Backend Braniac\\university-management-service\\node_modules\\express\\lib\\router\\route.js:144:13)\n' +
    '    at Route.dispatch (D:\\Programming hero\\Apollo Level 2\\Backend Braniac\\university-management-service\\node_modules\\express\\lib\\router\\route.js:114:3)\n' +
    '    at Layer.handle [as handle_request] (D:\\Programming hero\\Apollo Level 2\\Backend Braniac\\university-management-service\\node_modules\\express\\lib\\router\\layer.js:95:5)\n' +
    '    at D:\\Programming hero\\Apollo Level 2\\Backend Braniac\\university-management-service\\node_modules\\express\\lib\\router\\index.js:284:15\n' +
    '    at Function.process_params (D:\\Programming hero\\Apollo Level 2\\Backend Braniac\\university-management-service\\node_modules\\express\\lib\\router\\index.js:346:12)\n' +
    '    at next (D:\\Programming hero\\Apollo Level 2\\Backend Braniac\\university-management-service\\node_modules\\express\\lib\\router\\index.js:280:10)\n' +
    '    at urlencodedParser (D:\\Programming hero\\Apollo Level 2\\Backend Braniac\\university-management-service\\node_modules\\body-parser\\lib\\types\\urlencoded.js:91:7)\n' +
    '    at Layer.handle [as handle_request] (D:\\Programming hero\\Apollo Level 2\\Backend Braniac\\university-management-service\\node_modules\\express\\lib\\router\\layer.js:95:5)',
  label: 'University Management !!',
  timestamp: '2023-07-30T05:30:45.687Z'
}
{
  level: 'error',
  label: 'University Management !!',
  timestamp: '2023-07-30T05:31:05.113Z'
}
{
  level: 'error',
  label: 'University Management !!',
  timestamp: '2023-07-30T05:31:38.336Z'
}
